<?xml version="1.0" encoding="UTF-8"?>
<testsuite name="ReverseStringTest" tests="5" skipped="4" failures="0" errors="0" timestamp="2018-01-13T17:29:15" hostname="varunu28" time="0.008">
  <properties/>
  <testcase name="testAWord" classname="ReverseStringTest" time="0.0">
    <skipped/>
  </testcase>
  <testcase name="testAnEmptyString" classname="ReverseStringTest" time="0.002"/>
  <testcase name="testACapitalizedWord" classname="ReverseStringTest" time="0.001">
    <skipped/>
  </testcase>
  <testcase name="testASentenceWithPunctuation" classname="ReverseStringTest" time="0.0">
    <skipped/>
  </testcase>
  <testcase name="testAPalindrome" classname="ReverseStringTest" time="0.0">
    <skipped/>
  </testcase>
  <system-out><![CDATA[]]></system-out>
  <system-err><![CDATA[]]></system-err>
</testsuite>
